This file contains any messages produced by compilers while
running configure, to aid debugging if configure makes a mistake.

It was created by masa-core configure 1.3.9.1024, which was
generated by GNU Autoconf 2.68.  Invocation command line was

  $ ./configure --disable-option-checking --prefix=/usr/local --with-cuda-arch=sm_70 --cache-file=/dev/null --srcdir=.

## --------- ##
## Platform. ##
## --------- ##

hostname = voltar
uname -m = x86_64
uname -r = 3.10.0-1127.19.1.el7.x86_64
uname -s = Linux
uname -v = #1 SMP Tue Aug 25 17:23:54 UTC 2020

/usr/bin/uname -p = x86_64
/bin/uname -X     = unknown

/bin/arch              = x86_64
/usr/bin/arch -k       = unknown
/usr/convex/getsysinfo = unknown
/usr/bin/hostinfo      = unknown
/bin/machine           = unknown
/usr/bin/oslevel       = unknown
/bin/universe          = unknown

PATH: /packages/gcc/7.3/bin
PATH: /usr/local/bin
PATH: /usr/bin
PATH: /usr/local/sbin
PATH: /usr/sbin


## ----------- ##
## Core tests. ##
## ----------- ##

configure:2270: checking for a BSD-compatible install
configure:2338: result: /usr/bin/install -c
configure:2349: checking whether build environment is sane
configure:2399: result: yes
configure:2540: checking for a thread-safe mkdir -p
configure:2579: result: /usr/bin/mkdir -p
configure:2592: checking for gawk
configure:2608: found /usr/bin/gawk
configure:2619: result: gawk
configure:2630: checking whether make sets $(MAKE)
configure:2652: result: yes
configure:2840: checking for ranlib
configure:2856: found /usr/bin/ranlib
configure:2867: result: ranlib
configure:2952: checking for g++
configure:2968: found /packages/gcc/7.3/bin/g++
configure:2979: result: g++
configure:3006: checking for C++ compiler version
configure:3015: g++ --version >&5
g++ (GCC) 7.3.0
Copyright (C) 2017 Free Software Foundation, Inc.
This is free software; see the source for copying conditions.  There is NO
warranty; not even for MERCHANTABILITY or FITNESS FOR A PARTICULAR PURPOSE.

configure:3026: $? = 0
configure:3015: g++ -v >&5
Using built-in specs.
COLLECT_GCC=g++
COLLECT_LTO_WRAPPER=/storage/packages/gcc/7.3/bin/../libexec/gcc/x86_64-pc-linux-gnu/7.3.0/lto-wrapper
Target: x86_64-pc-linux-gnu
Configured with: ../gcc-7.3.0/configure --prefix=/packages/gcc/7.3 --enable-multilib --enable-shared --enable-static --enable-threads=posix --with-system-zlib --enable-languages=c,c++,objc,obj-c++,fortran,go,lto --with-gmp-include=/packages/gmp/6.1.2/include --with-gmp-lib=/packages/gmp/6.1.2/lib --with-mpfr-include=/packages/mpfr/3.1.6/include --with-mpfr-lib=/packages/mpfr/3.1.6/lib --with-mpc-include=/packages/mpc/1.0.3/include --with-mpc-lib=/packages/mpc/1.0.3/lib --with-isl-include=/packages/isl/0.18/include --with-isl-lib=/packages/isl/0.18/lib --with-cloog-include=/packages/cloog/0.18.4/include --with-cloog-lib=/packages/cloog/0.18.4/lib
Thread model: posix
gcc version 7.3.0 (GCC) 
configure:3026: $? = 0
configure:3015: g++ -V >&5
g++: error: unrecognized command line option '-V'
g++: fatal error: no input files
compilation terminated.
configure:3026: $? = 1
configure:3015: g++ -qversion >&5
g++: error: unrecognized command line option '-qversion'; did you mean '--version'?
g++: fatal error: no input files
compilation terminated.
configure:3026: $? = 1
configure:3046: checking whether the C++ compiler works
configure:3068: g++    conftest.cpp  >&5
configure:3072: $? = 0
configure:3120: result: yes
configure:3123: checking for C++ compiler default output file name
configure:3125: result: a.out
configure:3131: checking for suffix of executables
configure:3138: g++ -o conftest    conftest.cpp  >&5
configure:3142: $? = 0
configure:3164: result: 
configure:3186: checking whether we are cross compiling
configure:3194: g++ -o conftest    conftest.cpp  >&5
configure:3198: $? = 0
configure:3205: ./conftest
configure:3209: $? = 0
configure:3224: result: no
configure:3229: checking for suffix of object files
configure:3251: g++ -c   conftest.cpp >&5
configure:3255: $? = 0
configure:3276: result: o
configure:3280: checking whether we are using the GNU C++ compiler
configure:3299: g++ -c   conftest.cpp >&5
configure:3299: $? = 0
configure:3308: result: yes
configure:3317: checking whether g++ accepts -g
configure:3337: g++ -c -g  conftest.cpp >&5
configure:3337: $? = 0
configure:3378: result: yes
configure:3412: checking for style of include used by make
configure:3440: result: GNU
configure:3466: checking dependency style of g++
configure:3577: result: gcc3
configure:3640: checking for gcc
configure:3656: found /packages/gcc/7.3/bin/gcc
configure:3667: result: gcc
configure:3896: checking for C compiler version
configure:3905: gcc --version >&5
gcc (GCC) 7.3.0
Copyright (C) 2017 Free Software Foundation, Inc.
This is free software; see the source for copying conditions.  There is NO
warranty; not even for MERCHANTABILITY or FITNESS FOR A PARTICULAR PURPOSE.

configure:3916: $? = 0
configure:3905: gcc -v >&5
Using built-in specs.
COLLECT_GCC=gcc
COLLECT_LTO_WRAPPER=/storage/packages/gcc/7.3/bin/../libexec/gcc/x86_64-pc-linux-gnu/7.3.0/lto-wrapper
Target: x86_64-pc-linux-gnu
Configured with: ../gcc-7.3.0/configure --prefix=/packages/gcc/7.3 --enable-multilib --enable-shared --enable-static --enable-threads=posix --with-system-zlib --enable-languages=c,c++,objc,obj-c++,fortran,go,lto --with-gmp-include=/packages/gmp/6.1.2/include --with-gmp-lib=/packages/gmp/6.1.2/lib --with-mpfr-include=/packages/mpfr/3.1.6/include --with-mpfr-lib=/packages/mpfr/3.1.6/lib --with-mpc-include=/packages/mpc/1.0.3/include --with-mpc-lib=/packages/mpc/1.0.3/lib --with-isl-include=/packages/isl/0.18/include --with-isl-lib=/packages/isl/0.18/lib --with-cloog-include=/packages/cloog/0.18.4/include --with-cloog-lib=/packages/cloog/0.18.4/lib
Thread model: posix
gcc version 7.3.0 (GCC) 
configure:3916: $? = 0
configure:3905: gcc -V >&5
gcc: error: unrecognized command line option '-V'
gcc: fatal error: no input files
compilation terminated.
configure:3916: $? = 1
configure:3905: gcc -qversion >&5
gcc: error: unrecognized command line option '-qversion'; did you mean '--version'?
gcc: fatal error: no input files
compilation terminated.
configure:3916: $? = 1
configure:3920: checking whether we are using the GNU C compiler
configure:3939: gcc -c   conftest.c >&5
configure:3939: $? = 0
configure:3948: result: yes
configure:3957: checking whether gcc accepts -g
configure:3977: gcc -c -g  conftest.c >&5
configure:3977: $? = 0
configure:4018: result: yes
configure:4035: checking for gcc option to accept ISO C89
configure:4099: gcc  -c -g -O2  conftest.c >&5
configure:4099: $? = 0
configure:4112: result: none needed
configure:4134: checking dependency style of gcc
configure:4245: result: gcc3
configure:4265: checking how to run the C preprocessor
configure:4296: gcc -E  conftest.c
configure:4296: $? = 0
configure:4310: gcc -E  conftest.c
conftest.c:11:10: fatal error: ac_nonexistent.h: No such file or directory
 #include <ac_nonexistent.h>
          ^~~~~~~~~~~~~~~~~~
compilation terminated.
configure:4310: $? = 1
configure: failed program was:
| /* confdefs.h */
| #define PACKAGE_NAME "masa-core"
| #define PACKAGE_TARNAME "masa-core"
| #define PACKAGE_VERSION "1.3.9.1024"
| #define PACKAGE_STRING "masa-core 1.3.9.1024"
| #define PACKAGE_BUGREPORT "edans.sandes@gmail.com"
| #define PACKAGE_URL "https://github.com/edanssandes/masa-core"
| #define PACKAGE "masa-core"
| #define VERSION "1.3.9.1024"
| /* end confdefs.h.  */
| #include <ac_nonexistent.h>
configure:4335: result: gcc -E
configure:4355: gcc -E  conftest.c
configure:4355: $? = 0
configure:4369: gcc -E  conftest.c
conftest.c:11:10: fatal error: ac_nonexistent.h: No such file or directory
 #include <ac_nonexistent.h>
          ^~~~~~~~~~~~~~~~~~
compilation terminated.
configure:4369: $? = 1
configure: failed program was:
| /* confdefs.h */
| #define PACKAGE_NAME "masa-core"
| #define PACKAGE_TARNAME "masa-core"
| #define PACKAGE_VERSION "1.3.9.1024"
| #define PACKAGE_STRING "masa-core 1.3.9.1024"
| #define PACKAGE_BUGREPORT "edans.sandes@gmail.com"
| #define PACKAGE_URL "https://github.com/edanssandes/masa-core"
| #define PACKAGE "masa-core"
| #define VERSION "1.3.9.1024"
| /* end confdefs.h.  */
| #include <ac_nonexistent.h>
configure:4397: checking whether make sets $(MAKE)
configure:4419: result: yes
configure:4435: checking for grep that handles long lines and -e
configure:4493: result: /usr/bin/grep
configure:4498: checking for egrep
configure:4560: result: /usr/bin/grep -E
configure:4565: checking for ANSI C header files
configure:4585: gcc -c -g -O2  conftest.c >&5
configure:4585: $? = 0
configure:4658: gcc -o conftest -g -O2   conftest.c  >&5
configure:4658: $? = 0
configure:4658: ./conftest
configure:4658: $? = 0
configure:4669: result: yes
configure:4682: checking for sys/types.h
configure:4682: gcc -c -g -O2  conftest.c >&5
configure:4682: $? = 0
configure:4682: result: yes
configure:4682: checking for sys/stat.h
configure:4682: gcc -c -g -O2  conftest.c >&5
configure:4682: $? = 0
configure:4682: result: yes
configure:4682: checking for stdlib.h
configure:4682: gcc -c -g -O2  conftest.c >&5
configure:4682: $? = 0
configure:4682: result: yes
configure:4682: checking for string.h
configure:4682: gcc -c -g -O2  conftest.c >&5
configure:4682: $? = 0
configure:4682: result: yes
configure:4682: checking for memory.h
configure:4682: gcc -c -g -O2  conftest.c >&5
configure:4682: $? = 0
configure:4682: result: yes
configure:4682: checking for strings.h
configure:4682: gcc -c -g -O2  conftest.c >&5
configure:4682: $? = 0
configure:4682: result: yes
configure:4682: checking for inttypes.h
configure:4682: gcc -c -g -O2  conftest.c >&5
configure:4682: $? = 0
configure:4682: result: yes
configure:4682: checking for stdint.h
configure:4682: gcc -c -g -O2  conftest.c >&5
configure:4682: $? = 0
configure:4682: result: yes
configure:4682: checking for unistd.h
configure:4682: gcc -c -g -O2  conftest.c >&5
configure:4682: $? = 0
configure:4682: result: yes
configure:4697: checking arpa/inet.h usability
configure:4697: gcc -c -g -O2  conftest.c >&5
configure:4697: $? = 0
configure:4697: result: yes
configure:4697: checking arpa/inet.h presence
configure:4697: gcc -E  conftest.c
configure:4697: $? = 0
configure:4697: result: yes
configure:4697: checking for arpa/inet.h
configure:4697: result: yes
configure:4697: checking for stdlib.h
configure:4697: result: yes
configure:4697: checking for string.h
configure:4697: result: yes
configure:4697: checking sys/socket.h usability
configure:4697: gcc -c -g -O2  conftest.c >&5
configure:4697: $? = 0
configure:4697: result: yes
configure:4697: checking sys/socket.h presence
configure:4697: gcc -E  conftest.c
configure:4697: $? = 0
configure:4697: result: yes
configure:4697: checking for sys/socket.h
configure:4697: result: yes
configure:4697: checking sys/time.h usability
configure:4697: gcc -c -g -O2  conftest.c >&5
configure:4697: $? = 0
configure:4697: result: yes
configure:4697: checking sys/time.h presence
configure:4697: gcc -E  conftest.c
configure:4697: $? = 0
configure:4697: result: yes
configure:4697: checking for sys/time.h
configure:4697: result: yes
configure:4697: checking for unistd.h
configure:4697: result: yes
configure:4697: checking getopt.h usability
configure:4697: gcc -c -g -O2  conftest.c >&5
configure:4697: $? = 0
configure:4697: result: yes
configure:4697: checking getopt.h presence
configure:4697: gcc -E  conftest.c
configure:4697: $? = 0
configure:4697: result: yes
configure:4697: checking for getopt.h
configure:4697: result: yes
configure:4697: checking errno.h usability
configure:4697: gcc -c -g -O2  conftest.c >&5
configure:4697: $? = 0
configure:4697: result: yes
configure:4697: checking errno.h presence
configure:4697: gcc -E  conftest.c
configure:4697: $? = 0
configure:4697: result: yes
configure:4697: checking for errno.h
configure:4697: result: yes
configure:4697: checking wordexp.h usability
configure:4697: gcc -c -g -O2  conftest.c >&5
configure:4697: $? = 0
configure:4697: result: yes
configure:4697: checking wordexp.h presence
configure:4697: gcc -E  conftest.c
configure:4697: $? = 0
configure:4697: result: yes
configure:4697: checking for wordexp.h
configure:4697: result: yes
configure:4714: checking for stdbool.h that conforms to C99
configure:4781: gcc -c -g -O2  conftest.c >&5
configure:4781: $? = 0
configure:4788: result: yes
configure:4790: checking for _Bool
configure:4790: gcc -c -g -O2  conftest.c >&5
configure:4790: $? = 0
configure:4790: gcc -c -g -O2  conftest.c >&5
conftest.c: In function 'main':
conftest.c:66:20: error: expected expression before ')' token
 if (sizeof ((_Bool)))
                    ^
configure:4790: $? = 1
configure: failed program was:
| /* confdefs.h */
| #define PACKAGE_NAME "masa-core"
| #define PACKAGE_TARNAME "masa-core"
| #define PACKAGE_VERSION "1.3.9.1024"
| #define PACKAGE_STRING "masa-core 1.3.9.1024"
| #define PACKAGE_BUGREPORT "edans.sandes@gmail.com"
| #define PACKAGE_URL "https://github.com/edanssandes/masa-core"
| #define PACKAGE "masa-core"
| #define VERSION "1.3.9.1024"
| #define STDC_HEADERS 1
| #define HAVE_SYS_TYPES_H 1
| #define HAVE_SYS_STAT_H 1
| #define HAVE_STDLIB_H 1
| #define HAVE_STRING_H 1
| #define HAVE_MEMORY_H 1
| #define HAVE_STRINGS_H 1
| #define HAVE_INTTYPES_H 1
| #define HAVE_STDINT_H 1
| #define HAVE_UNISTD_H 1
| #define HAVE_ARPA_INET_H 1
| #define HAVE_STDLIB_H 1
| #define HAVE_STRING_H 1
| #define HAVE_SYS_SOCKET_H 1
| #define HAVE_SYS_TIME_H 1
| #define HAVE_UNISTD_H 1
| #define HAVE_GETOPT_H 1
| #define HAVE_ERRNO_H 1
| #define HAVE_WORDEXP_H 1
| /* end confdefs.h.  */
| #include <stdio.h>
| #ifdef HAVE_SYS_TYPES_H
| # include <sys/types.h>
| #endif
| #ifdef HAVE_SYS_STAT_H
| # include <sys/stat.h>
| #endif
| #ifdef STDC_HEADERS
| # include <stdlib.h>
| # include <stddef.h>
| #else
| # ifdef HAVE_STDLIB_H
| #  include <stdlib.h>
| # endif
| #endif
| #ifdef HAVE_STRING_H
| # if !defined STDC_HEADERS && defined HAVE_MEMORY_H
| #  include <memory.h>
| # endif
| # include <string.h>
| #endif
| #ifdef HAVE_STRINGS_H
| # include <strings.h>
| #endif
| #ifdef HAVE_INTTYPES_H
| # include <inttypes.h>
| #endif
| #ifdef HAVE_STDINT_H
| # include <stdint.h>
| #endif
| #ifdef HAVE_UNISTD_H
| # include <unistd.h>
| #endif
| int
| main ()
| {
| if (sizeof ((_Bool)))
| 	    return 0;
|   ;
|   return 0;
| }
configure:4790: result: yes
configure:4806: checking for inline
configure:4822: gcc -c -g -O2  conftest.c >&5
configure:4822: $? = 0
configure:4830: result: inline
configure:4848: checking for size_t
configure:4848: gcc -c -g -O2  conftest.c >&5
configure:4848: $? = 0
configure:4848: gcc -c -g -O2  conftest.c >&5
conftest.c: In function 'main':
conftest.c:68:21: error: expected expression before ')' token
 if (sizeof ((size_t)))
                     ^
configure:4848: $? = 1
configure: failed program was:
| /* confdefs.h */
| #define PACKAGE_NAME "masa-core"
| #define PACKAGE_TARNAME "masa-core"
| #define PACKAGE_VERSION "1.3.9.1024"
| #define PACKAGE_STRING "masa-core 1.3.9.1024"
| #define PACKAGE_BUGREPORT "edans.sandes@gmail.com"
| #define PACKAGE_URL "https://github.com/edanssandes/masa-core"
| #define PACKAGE "masa-core"
| #define VERSION "1.3.9.1024"
| #define STDC_HEADERS 1
| #define HAVE_SYS_TYPES_H 1
| #define HAVE_SYS_STAT_H 1
| #define HAVE_STDLIB_H 1
| #define HAVE_STRING_H 1
| #define HAVE_MEMORY_H 1
| #define HAVE_STRINGS_H 1
| #define HAVE_INTTYPES_H 1
| #define HAVE_STDINT_H 1
| #define HAVE_UNISTD_H 1
| #define HAVE_ARPA_INET_H 1
| #define HAVE_STDLIB_H 1
| #define HAVE_STRING_H 1
| #define HAVE_SYS_SOCKET_H 1
| #define HAVE_SYS_TIME_H 1
| #define HAVE_UNISTD_H 1
| #define HAVE_GETOPT_H 1
| #define HAVE_ERRNO_H 1
| #define HAVE_WORDEXP_H 1
| #define HAVE__BOOL 1
| #define HAVE_STDBOOL_H 1
| /* end confdefs.h.  */
| #include <stdio.h>
| #ifdef HAVE_SYS_TYPES_H
| # include <sys/types.h>
| #endif
| #ifdef HAVE_SYS_STAT_H
| # include <sys/stat.h>
| #endif
| #ifdef STDC_HEADERS
| # include <stdlib.h>
| # include <stddef.h>
| #else
| # ifdef HAVE_STDLIB_H
| #  include <stdlib.h>
| # endif
| #endif
| #ifdef HAVE_STRING_H
| # if !defined STDC_HEADERS && defined HAVE_MEMORY_H
| #  include <memory.h>
| # endif
| # include <string.h>
| #endif
| #ifdef HAVE_STRINGS_H
| # include <strings.h>
| #endif
| #ifdef HAVE_INTTYPES_H
| # include <inttypes.h>
| #endif
| #ifdef HAVE_STDINT_H
| # include <stdint.h>
| #endif
| #ifdef HAVE_UNISTD_H
| # include <unistd.h>
| #endif
| int
| main ()
| {
| if (sizeof ((size_t)))
| 	    return 0;
|   ;
|   return 0;
| }
configure:4848: result: yes
configure:4864: checking for pid_t
configure:4864: gcc -c -g -O2  conftest.c >&5
configure:4864: $? = 0
configure:4864: gcc -c -g -O2  conftest.c >&5
conftest.c: In function 'main':
conftest.c:68:20: error: expected expression before ')' token
 if (sizeof ((pid_t)))
                    ^
configure:4864: $? = 1
configure: failed program was:
| /* confdefs.h */
| #define PACKAGE_NAME "masa-core"
| #define PACKAGE_TARNAME "masa-core"
| #define PACKAGE_VERSION "1.3.9.1024"
| #define PACKAGE_STRING "masa-core 1.3.9.1024"
| #define PACKAGE_BUGREPORT "edans.sandes@gmail.com"
| #define PACKAGE_URL "https://github.com/edanssandes/masa-core"
| #define PACKAGE "masa-core"
| #define VERSION "1.3.9.1024"
| #define STDC_HEADERS 1
| #define HAVE_SYS_TYPES_H 1
| #define HAVE_SYS_STAT_H 1
| #define HAVE_STDLIB_H 1
| #define HAVE_STRING_H 1
| #define HAVE_MEMORY_H 1
| #define HAVE_STRINGS_H 1
| #define HAVE_INTTYPES_H 1
| #define HAVE_STDINT_H 1
| #define HAVE_UNISTD_H 1
| #define HAVE_ARPA_INET_H 1
| #define HAVE_STDLIB_H 1
| #define HAVE_STRING_H 1
| #define HAVE_SYS_SOCKET_H 1
| #define HAVE_SYS_TIME_H 1
| #define HAVE_UNISTD_H 1
| #define HAVE_GETOPT_H 1
| #define HAVE_ERRNO_H 1
| #define HAVE_WORDEXP_H 1
| #define HAVE__BOOL 1
| #define HAVE_STDBOOL_H 1
| /* end confdefs.h.  */
| #include <stdio.h>
| #ifdef HAVE_SYS_TYPES_H
| # include <sys/types.h>
| #endif
| #ifdef HAVE_SYS_STAT_H
| # include <sys/stat.h>
| #endif
| #ifdef STDC_HEADERS
| # include <stdlib.h>
| # include <stddef.h>
| #else
| # ifdef HAVE_STDLIB_H
| #  include <stdlib.h>
| # endif
| #endif
| #ifdef HAVE_STRING_H
| # if !defined STDC_HEADERS && defined HAVE_MEMORY_H
| #  include <memory.h>
| # endif
| # include <string.h>
| #endif
| #ifdef HAVE_STRINGS_H
| # include <strings.h>
| #endif
| #ifdef HAVE_INTTYPES_H
| # include <inttypes.h>
| #endif
| #ifdef HAVE_STDINT_H
| # include <stdint.h>
| #endif
| #ifdef HAVE_UNISTD_H
| # include <unistd.h>
| #endif
| int
| main ()
| {
| if (sizeof ((pid_t)))
| 	    return 0;
|   ;
|   return 0;
| }
configure:4864: result: yes
configure:4877: checking vfork.h usability
configure:4877: gcc -c -g -O2  conftest.c >&5
conftest.c:65:10: fatal error: vfork.h: No such file or directory
 #include <vfork.h>
          ^~~~~~~~~
compilation terminated.
configure:4877: $? = 1
configure: failed program was:
| /* confdefs.h */
| #define PACKAGE_NAME "masa-core"
| #define PACKAGE_TARNAME "masa-core"
| #define PACKAGE_VERSION "1.3.9.1024"
| #define PACKAGE_STRING "masa-core 1.3.9.1024"
| #define PACKAGE_BUGREPORT "edans.sandes@gmail.com"
| #define PACKAGE_URL "https://github.com/edanssandes/masa-core"
| #define PACKAGE "masa-core"
| #define VERSION "1.3.9.1024"
| #define STDC_HEADERS 1
| #define HAVE_SYS_TYPES_H 1
| #define HAVE_SYS_STAT_H 1
| #define HAVE_STDLIB_H 1
| #define HAVE_STRING_H 1
| #define HAVE_MEMORY_H 1
| #define HAVE_STRINGS_H 1
| #define HAVE_INTTYPES_H 1
| #define HAVE_STDINT_H 1
| #define HAVE_UNISTD_H 1
| #define HAVE_ARPA_INET_H 1
| #define HAVE_STDLIB_H 1
| #define HAVE_STRING_H 1
| #define HAVE_SYS_SOCKET_H 1
| #define HAVE_SYS_TIME_H 1
| #define HAVE_UNISTD_H 1
| #define HAVE_GETOPT_H 1
| #define HAVE_ERRNO_H 1
| #define HAVE_WORDEXP_H 1
| #define HAVE__BOOL 1
| #define HAVE_STDBOOL_H 1
| /* end confdefs.h.  */
| #include <stdio.h>
| #ifdef HAVE_SYS_TYPES_H
| # include <sys/types.h>
| #endif
| #ifdef HAVE_SYS_STAT_H
| # include <sys/stat.h>
| #endif
| #ifdef STDC_HEADERS
| # include <stdlib.h>
| # include <stddef.h>
| #else
| # ifdef HAVE_STDLIB_H
| #  include <stdlib.h>
| # endif
| #endif
| #ifdef HAVE_STRING_H
| # if !defined STDC_HEADERS && defined HAVE_MEMORY_H
| #  include <memory.h>
| # endif
| # include <string.h>
| #endif
| #ifdef HAVE_STRINGS_H
| # include <strings.h>
| #endif
| #ifdef HAVE_INTTYPES_H
| # include <inttypes.h>
| #endif
| #ifdef HAVE_STDINT_H
| # include <stdint.h>
| #endif
| #ifdef HAVE_UNISTD_H
| # include <unistd.h>
| #endif
| #include <vfork.h>
configure:4877: result: no
configure:4877: checking vfork.h presence
configure:4877: gcc -E  conftest.c
conftest.c:32:10: fatal error: vfork.h: No such file or directory
 #include <vfork.h>
          ^~~~~~~~~
compilation terminated.
configure:4877: $? = 1
configure: failed program was:
| /* confdefs.h */
| #define PACKAGE_NAME "masa-core"
| #define PACKAGE_TARNAME "masa-core"
| #define PACKAGE_VERSION "1.3.9.1024"
| #define PACKAGE_STRING "masa-core 1.3.9.1024"
| #define PACKAGE_BUGREPORT "edans.sandes@gmail.com"
| #define PACKAGE_URL "https://github.com/edanssandes/masa-core"
| #define PACKAGE "masa-core"
| #define VERSION "1.3.9.1024"
| #define STDC_HEADERS 1
| #define HAVE_SYS_TYPES_H 1
| #define HAVE_SYS_STAT_H 1
| #define HAVE_STDLIB_H 1
| #define HAVE_STRING_H 1
| #define HAVE_MEMORY_H 1
| #define HAVE_STRINGS_H 1
| #define HAVE_INTTYPES_H 1
| #define HAVE_STDINT_H 1
| #define HAVE_UNISTD_H 1
| #define HAVE_ARPA_INET_H 1
| #define HAVE_STDLIB_H 1
| #define HAVE_STRING_H 1
| #define HAVE_SYS_SOCKET_H 1
| #define HAVE_SYS_TIME_H 1
| #define HAVE_UNISTD_H 1
| #define HAVE_GETOPT_H 1
| #define HAVE_ERRNO_H 1
| #define HAVE_WORDEXP_H 1
| #define HAVE__BOOL 1
| #define HAVE_STDBOOL_H 1
| /* end confdefs.h.  */
| #include <vfork.h>
configure:4877: result: no
configure:4877: checking for vfork.h
configure:4877: result: no
configure:4890: checking for fork
configure:4890: gcc -o conftest -g -O2   conftest.c  >&5
conftest.c:55:6: warning: conflicting types for built-in function 'fork' [-Wbuiltin-declaration-mismatch]
 char fork ();
      ^~~~
configure:4890: $? = 0
configure:4890: result: yes
configure:4890: checking for vfork
configure:4890: gcc -o conftest -g -O2   conftest.c  >&5
configure:4890: $? = 0
configure:4890: result: yes
configure:4900: checking for working fork
configure:4922: gcc -o conftest -g -O2   conftest.c  >&5
configure:4922: $? = 0
configure:4922: ./conftest
configure:4922: $? = 0
configure:4932: result: yes
configure:4953: checking for working vfork
configure:5063: result: yes
configure:5090: checking for stdlib.h
configure:5090: result: yes
configure:5100: checking for GNU libc compatible malloc
configure:5124: gcc -o conftest -g -O2   conftest.c  >&5
configure:5124: $? = 0
configure:5124: ./conftest
configure:5124: $? = 0
configure:5134: result: yes
configure:5158: checking for gettimeofday
configure:5158: gcc -o conftest -g -O2   conftest.c  >&5
configure:5158: $? = 0
configure:5158: result: yes
configure:5158: checking for inet_ntoa
configure:5158: gcc -o conftest -g -O2   conftest.c  >&5
configure:5158: $? = 0
configure:5158: result: yes
configure:5158: checking for memset
configure:5158: gcc -o conftest -g -O2   conftest.c  >&5
conftest.c:63:6: warning: conflicting types for built-in function 'memset' [-Wbuiltin-declaration-mismatch]
 char memset ();
      ^~~~~~
configure:5158: $? = 0
configure:5158: result: yes
configure:5158: checking for mkdir
configure:5158: gcc -o conftest -g -O2   conftest.c  >&5
configure:5158: $? = 0
configure:5158: result: yes
configure:5158: checking for socket
configure:5158: gcc -o conftest -g -O2   conftest.c  >&5
configure:5158: $? = 0
configure:5158: result: yes
configure:5158: checking for strcasecmp
configure:5158: gcc -o conftest -g -O2   conftest.c  >&5
conftest.c:66:6: warning: conflicting types for built-in function 'strcasecmp' [-Wbuiltin-declaration-mismatch]
 char strcasecmp ();
      ^~~~~~~~~~
configure:5158: $? = 0
configure:5158: result: yes
configure:5190: Enabling 64bit compilation
configure:5203: checking whether C compiler accepts -malign-double
configure:5222: gcc -c -g -O2  -malign-double  conftest.c >&5
configure:5222: $? = 0
configure:5230: result: yes
configure:5239: checking whether C compiler accepts -fno-strict-aliasing
configure:5258: gcc -c -g -O2  -fno-strict-aliasing  conftest.c >&5
configure:5258: $? = 0
configure:5266: result: yes
configure:5417: creating ./config.status

## ---------------------- ##
## Running config.status. ##
## ---------------------- ##

This file was extended by masa-core config.status 1.3.9.1024, which was
generated by GNU Autoconf 2.68.  Invocation command line was

  CONFIG_FILES    = 
  CONFIG_HEADERS  = 
  CONFIG_LINKS    = 
  CONFIG_COMMANDS = 
  $ ./config.status 

on voltar

config.status:892: creating Makefile
config.status:892: creating src/config.h
config.status:1073: src/config.h is unchanged
config.status:1121: executing depfiles commands

## ---------------- ##
## Cache variables. ##
## ---------------- ##

ac_cv_c_compiler_gnu=yes
ac_cv_c_inline=inline
ac_cv_cxx_compiler_gnu=yes
ac_cv_env_CCC_set=
ac_cv_env_CCC_value=
ac_cv_env_CC_set=
ac_cv_env_CC_value=
ac_cv_env_CFLAGS_set=
ac_cv_env_CFLAGS_value=
ac_cv_env_CPPFLAGS_set=
ac_cv_env_CPPFLAGS_value=
ac_cv_env_CPP_set=
ac_cv_env_CPP_value=
ac_cv_env_CXXFLAGS_set=
ac_cv_env_CXXFLAGS_value=
ac_cv_env_CXX_set=
ac_cv_env_CXX_value=
ac_cv_env_LDFLAGS_set=
ac_cv_env_LDFLAGS_value=
ac_cv_env_LIBS_set=
ac_cv_env_LIBS_value=
ac_cv_env_build_alias_set=
ac_cv_env_build_alias_value=
ac_cv_env_host_alias_set=
ac_cv_env_host_alias_value=
ac_cv_env_target_alias_set=
ac_cv_env_target_alias_value=
ac_cv_func_fork=yes
ac_cv_func_fork_works=yes
ac_cv_func_gettimeofday=yes
ac_cv_func_inet_ntoa=yes
ac_cv_func_malloc_0_nonnull=yes
ac_cv_func_memset=yes
ac_cv_func_mkdir=yes
ac_cv_func_socket=yes
ac_cv_func_strcasecmp=yes
ac_cv_func_vfork=yes
ac_cv_func_vfork_works=yes
ac_cv_header_arpa_inet_h=yes
ac_cv_header_errno_h=yes
ac_cv_header_getopt_h=yes
ac_cv_header_inttypes_h=yes
ac_cv_header_memory_h=yes
ac_cv_header_stdbool_h=yes
ac_cv_header_stdc=yes
ac_cv_header_stdint_h=yes
ac_cv_header_stdlib_h=yes
ac_cv_header_string_h=yes
ac_cv_header_strings_h=yes
ac_cv_header_sys_socket_h=yes
ac_cv_header_sys_stat_h=yes
ac_cv_header_sys_time_h=yes
ac_cv_header_sys_types_h=yes
ac_cv_header_unistd_h=yes
ac_cv_header_vfork_h=no
ac_cv_header_wordexp_h=yes
ac_cv_objext=o
ac_cv_path_EGREP='/usr/bin/grep -E'
ac_cv_path_GREP=/usr/bin/grep
ac_cv_path_install='/usr/bin/install -c'
ac_cv_path_mkdir=/usr/bin/mkdir
ac_cv_prog_AWK=gawk
ac_cv_prog_CPP='gcc -E'
ac_cv_prog_ac_ct_CC=gcc
ac_cv_prog_ac_ct_CXX=g++
ac_cv_prog_ac_ct_RANLIB=ranlib
ac_cv_prog_cc_c89=
ac_cv_prog_cc_g=yes
ac_cv_prog_cxx_g=yes
ac_cv_prog_make_make_set=yes
ac_cv_type__Bool=yes
ac_cv_type_pid_t=yes
ac_cv_type_size_t=yes
am_cv_CC_dependencies_compiler_type=gcc3
am_cv_CXX_dependencies_compiler_type=gcc3
ax_cv_check_cflags___fno_strict_aliasing=yes
ax_cv_check_cflags___malign_double=yes

## ----------------- ##
## Output variables. ##
## ----------------- ##

ACLOCAL='${SHELL} /home/users/marcofigueiredo/nvidia_unb/dynbp/libs/masa-core/admin/missing --run aclocal-1.11'
AMDEPBACKSLASH='\'
AMDEP_FALSE='#'
AMDEP_TRUE=''
AMTAR='$${TAR-tar}'
AUTOCONF='${SHELL} /home/users/marcofigueiredo/nvidia_unb/dynbp/libs/masa-core/admin/missing --run autoconf'
AUTOHEADER='${SHELL} /home/users/marcofigueiredo/nvidia_unb/dynbp/libs/masa-core/admin/missing --run autoheader'
AUTOMAKE='${SHELL} /home/users/marcofigueiredo/nvidia_unb/dynbp/libs/masa-core/admin/missing --run automake-1.11'
AWK='gawk'
CC='gcc'
CCDEPMODE='depmode=gcc3'
CFLAGS='-g -O2'
COMMONFLAGS='-DUNIX  -malign-double -fno-strict-aliasing -m64 -O3'
CPP='gcc -E'
CPPFLAGS=''
CXX='g++'
CXXDEPMODE='depmode=gcc3'
CXXFLAGS=''
CYGPATH_W='echo'
DEFS='-DHAVE_CONFIG_H'
DEPDIR='.deps'
ECHO_C=''
ECHO_N='-n'
ECHO_T=''
EGREP='/usr/bin/grep -E'
EXEEXT=''
GREP='/usr/bin/grep'
INSTALL_DATA='${INSTALL} -m 644'
INSTALL_PROGRAM='${INSTALL}'
INSTALL_SCRIPT='${INSTALL}'
INSTALL_STRIP_PROGRAM='$(install_sh) -c -s'
LDFLAGS=''
LIBOBJS=''
LIBS=''
LTLIBOBJS=''
MAKEINFO='${SHELL} /home/users/marcofigueiredo/nvidia_unb/dynbp/libs/masa-core/admin/missing --run makeinfo'
MKDIR_P='/usr/bin/mkdir -p'
OBJEXT='o'
PACKAGE='masa-core'
PACKAGE_BUGREPORT='edans.sandes@gmail.com'
PACKAGE_NAME='masa-core'
PACKAGE_STRING='masa-core 1.3.9.1024'
PACKAGE_TARNAME='masa-core'
PACKAGE_URL='https://github.com/edanssandes/masa-core'
PACKAGE_VERSION='1.3.9.1024'
PATH_SEPARATOR=':'
RANLIB='ranlib'
SET_MAKE=''
SHELL='/bin/sh'
STRIP=''
VERSION='1.3.9.1024'
ac_ct_CC='gcc'
ac_ct_CXX='g++'
am__EXEEXT_FALSE=''
am__EXEEXT_TRUE='#'
am__fastdepCC_FALSE='#'
am__fastdepCC_TRUE=''
am__fastdepCXX_FALSE='#'
am__fastdepCXX_TRUE=''
am__include='include'
am__isrc=''
am__leading_dot='.'
am__nodep='_no'
am__quote=''
am__tar='$${TAR-tar} chof - "$$tardir"'
am__untar='$${TAR-tar} xf -'
bindir='${exec_prefix}/bin'
build_alias=''
datadir='${datarootdir}'
datarootdir='${prefix}/share'
docdir='${datarootdir}/doc/${PACKAGE_TARNAME}'
dvidir='${docdir}'
exec_prefix='${prefix}'
host_alias=''
htmldir='${docdir}'
includedir='${prefix}/include'
infodir='${datarootdir}/info'
install_sh='${SHELL} /home/users/marcofigueiredo/nvidia_unb/dynbp/libs/masa-core/admin/install-sh'
libdir='${exec_prefix}/lib'
libexecdir='${exec_prefix}/libexec'
localedir='${datarootdir}/locale'
localstatedir='${prefix}/var'
mandir='${datarootdir}/man'
mkdir_p='/usr/bin/mkdir -p'
oldincludedir='/usr/include'
pdfdir='${docdir}'
prefix='/usr/local'
program_transform_name='s,x,x,'
psdir='${docdir}'
sbindir='${exec_prefix}/sbin'
sharedstatedir='${prefix}/com'
sysconfdir='${prefix}/etc'
target_alias=''

## ----------- ##
## confdefs.h. ##
## ----------- ##

/* confdefs.h */
#define PACKAGE_NAME "masa-core"
#define PACKAGE_TARNAME "masa-core"
#define PACKAGE_VERSION "1.3.9.1024"
#define PACKAGE_STRING "masa-core 1.3.9.1024"
#define PACKAGE_BUGREPORT "edans.sandes@gmail.com"
#define PACKAGE_URL "https://github.com/edanssandes/masa-core"
#define PACKAGE "masa-core"
#define VERSION "1.3.9.1024"
#define STDC_HEADERS 1
#define HAVE_SYS_TYPES_H 1
#define HAVE_SYS_STAT_H 1
#define HAVE_STDLIB_H 1
#define HAVE_STRING_H 1
#define HAVE_MEMORY_H 1
#define HAVE_STRINGS_H 1
#define HAVE_INTTYPES_H 1
#define HAVE_STDINT_H 1
#define HAVE_UNISTD_H 1
#define HAVE_ARPA_INET_H 1
#define HAVE_STDLIB_H 1
#define HAVE_STRING_H 1
#define HAVE_SYS_SOCKET_H 1
#define HAVE_SYS_TIME_H 1
#define HAVE_UNISTD_H 1
#define HAVE_GETOPT_H 1
#define HAVE_ERRNO_H 1
#define HAVE_WORDEXP_H 1
#define HAVE__BOOL 1
#define HAVE_STDBOOL_H 1
#define HAVE_FORK 1
#define HAVE_VFORK 1
#define HAVE_WORKING_VFORK 1
#define HAVE_WORKING_FORK 1
#define HAVE_STDLIB_H 1
#define HAVE_MALLOC 1
#define HAVE_GETTIMEOFDAY 1
#define HAVE_INET_NTOA 1
#define HAVE_MEMSET 1
#define HAVE_MKDIR 1
#define HAVE_SOCKET 1
#define HAVE_STRCASECMP 1

configure: exit 0
